<?xml version="1.0" encoding="UTF-8"?>
<!-- Generated by org.testng.reporters.JUnitReportReporter -->
<testsuite skipped="0" hostname="DESKTOP-SAYAK" name="com.testCases.AddCoverPhoto" tests="1" failures="0" timestamp="2019-09-24T15:56:52 IST" time="29.065" errors="0">
  <testcase name="addcover" time="29.065" classname="com.testCases.AddCoverPhoto"/>
</testsuite> <!-- com.testCases.AddCoverPhoto -->
