<?xml version="1.0" encoding="UTF-8"?>
<!-- Generated by org.testng.reporters.JUnitReportReporter -->
<testsuite skipped="0" hostname="DESKTOP-SAYAK" name="com.testCases.SayProfilePage" tests="1" failures="0" timestamp="2019-09-19T19:21:58 IST" time="21.424" errors="0">
  <testcase name="profile" time="21.424" classname="com.testCases.SayProfilePage"/>
</testsuite> <!-- com.testCases.SayProfilePage -->
